<?xml version="1.0" encoding="UTF-8"?>
<testsuite xmlns:xsi="http://www.w3.org/2001/XMLSchema-instance" xsi:noNamespaceSchemaLocation="https://maven.apache.org/surefire/maven-surefire-plugin/xsd/surefire-test-report.xsd" name="SBFR.AppTest" time="11.558" tests="4" errors="0" skipped="0" failures="0">
  <properties>
    <property name="gopherProxySet" value="false"/>
    <property name="awt.toolkit" value="sun.lwawt.macosx.LWCToolkit"/>
    <property name="java.specification.version" value="11"/>
    <property name="sun.cpu.isalist" value=""/>
    <property name="sun.jnu.encoding" value="UTF-8"/>
    <property name="java.class.path" value="/Users/zabo/Documents/Proyectos Visual Studio Code/SBFR/target/test-classes:/Users/zabo/Documents/Proyectos Visual Studio Code/SBFR/target/classes:/Users/zabo/.m2/repository/junit/junit/4.11/junit-4.11.jar:/Users/zabo/.m2/repository/org/hamcrest/hamcrest-core/1.3/hamcrest-core-1.3.jar:/Users/zabo/.m2/repository/org/bdp4j/bdp4j/2.0.0-SNAPSHOT/bdp4j-2.0.0-SNAPSHOT.jar:/Users/zabo/.m2/repository/com/github/vlsi/mxgraph/jgraphx/3.9.8.1/jgraphx-3.9.8.1.jar:/Users/zabo/.m2/repository/org/apache/logging/log4j/log4j-core/2.11.1/log4j-core-2.11.1.jar:/Users/zabo/.m2/repository/org/apache/logging/log4j/log4j-api/2.11.1/log4j-api-2.11.1.jar:/Users/zabo/.m2/repository/org/apache/commons/commons-csv/1.6/commons-csv-1.6.jar:/Users/zabo/.m2/repository/commons-io/commons-io/2.6/commons-io-2.6.jar:/Users/zabo/.m2/repository/net/sourceforge/javaml/0.1.6-spnt/javaml-0.1.6-spnt.jar:/Users/zabo/.m2/repository/nz/ac/waikato/cms/weka/weka-stable/3.8.3/weka-stable-3.8.3.jar:/Users/zabo/.m2/repository/nz/ac/waikato/cms/weka/thirdparty/java-cup-11b/2015.03.26/java-cup-11b-2015.03.26.jar:/Users/zabo/.m2/repository/nz/ac/waikato/cms/weka/thirdparty/java-cup-11b-runtime/2015.03.26/java-cup-11b-runtime-2015.03.26.jar:/Users/zabo/.m2/repository/nz/ac/waikato/cms/weka/thirdparty/bounce/0.18/bounce-0.18.jar:/Users/zabo/.m2/repository/com/googlecode/matrix-toolkits-java/mtj/1.0.4/mtj-1.0.4.jar:/Users/zabo/.m2/repository/com/github/fommil/netlib/netlib-native_ref-osx-x86_64/1.1/netlib-native_ref-osx-x86_64-1.1-natives.jar:/Users/zabo/.m2/repository/com/github/fommil/netlib/native_ref-java/1.1/native_ref-java-1.1.jar:/Users/zabo/.m2/repository/com/github/fommil/jniloader/1.1/jniloader-1.1.jar:/Users/zabo/.m2/repository/com/github/fommil/netlib/netlib-native_ref-linux-x86_64/1.1/netlib-native_ref-linux-x86_64-1.1-natives.jar:/Users/zabo/.m2/repository/com/github/fommil/netlib/netlib-native_ref-linux-i686/1.1/netlib-native_ref-linux-i686-1.1-natives.jar:/Users/zabo/.m2/repository/com/github/fommil/netlib/netlib-native_ref-win-x86_64/1.1/netlib-native_ref-win-x86_64-1.1-natives.jar:/Users/zabo/.m2/repository/com/github/fommil/netlib/netlib-native_ref-win-i686/1.1/netlib-native_ref-win-i686-1.1-natives.jar:/Users/zabo/.m2/repository/com/github/fommil/netlib/netlib-native_ref-linux-armhf/1.1/netlib-native_ref-linux-armhf-1.1-natives.jar:/Users/zabo/.m2/repository/com/github/fommil/netlib/netlib-native_system-osx-x86_64/1.1/netlib-native_system-osx-x86_64-1.1-natives.jar:/Users/zabo/.m2/repository/com/github/fommil/netlib/native_system-java/1.1/native_system-java-1.1.jar:/Users/zabo/.m2/repository/com/github/fommil/netlib/netlib-native_system-linux-x86_64/1.1/netlib-native_system-linux-x86_64-1.1-natives.jar:/Users/zabo/.m2/repository/com/github/fommil/netlib/netlib-native_system-linux-i686/1.1/netlib-native_system-linux-i686-1.1-natives.jar:/Users/zabo/.m2/repository/com/github/fommil/netlib/netlib-native_system-linux-armhf/1.1/netlib-native_system-linux-armhf-1.1-natives.jar:/Users/zabo/.m2/repository/com/github/fommil/netlib/netlib-native_system-win-x86_64/1.1/netlib-native_system-win-x86_64-1.1-natives.jar:/Users/zabo/.m2/repository/com/github/fommil/netlib/netlib-native_system-win-i686/1.1/netlib-native_system-win-i686-1.1-natives.jar:/Users/zabo/.m2/repository/net/sourceforge/f2j/arpack_combined_all/0.1/arpack_combined_all-0.1.jar:/Users/zabo/.m2/repository/com/googlecode/netlib-java/netlib-java/1.1/netlib-java-1.1.jar:/Users/zabo/.m2/repository/com/github/fommil/netlib/core/1.1/core-1.1.jar:/Users/zabo/.m2/repository/org/ini4j/ini4j/0.5.4/ini4j-0.5.4.jar:/Users/zabo/.m2/repository/janino/janino/2.5.10/janino-2.5.10.jar:/Users/zabo/.m2/repository/org/nlpa/nlpa/1.0.0/nlpa-1.0.0.jar:/Users/zabo/.m2/repository/com/optimaize/languagedetector/language-detector/0.6/language-detector-0.6.jar:/Users/zabo/.m2/repository/net/arnx/jsonic/1.2.11/jsonic-1.2.11.jar:/Users/zabo/.m2/repository/com/intellij/annotations/12.0/annotations-12.0.jar:/Users/zabo/.m2/repository/org/twitter4j/twitter4j-core/4.0.4/twitter4j-core-4.0.4.jar:/Users/zabo/.m2/repository/org/netpreserve/commons/webarchive-commons/1.1.8/webarchive-commons-1.1.8.jar:/Users/zabo/.m2/repository/org/json/json/20131018/json-20131018.jar:/Users/zabo/.m2/repository/org/htmlparser/htmlparser/1.6/htmlparser-1.6.jar:/Users/zabo/.m2/repository/com/googlecode/juniversalchardet/juniversalchardet/1.0.3/juniversalchardet-1.0.3.jar:/Users/zabo/.m2/repository/commons-httpclient/commons-httpclient/3.1/commons-httpclient-3.1.jar:/Users/zabo/.m2/repository/org/apache/hadoop/hadoop-core/0.20.2-cdh3u4/hadoop-core-0.20.2-cdh3u4.jar:/Users/zabo/.m2/repository/commons-cli/commons-cli/1.2/commons-cli-1.2.jar:/Users/zabo/.m2/repository/xmlenc/xmlenc/0.52/xmlenc-0.52.jar:/Users/zabo/.m2/repository/org/apache/hadoop/thirdparty/guava/guava/r09-jarjar/guava-r09-jarjar.jar:/Users/zabo/.m2/repository/commons-net/commons-net/1.4.1/commons-net-1.4.1.jar:/Users/zabo/.m2/repository/org/codehaus/jackson/jackson-core-asl/1.5.2/jackson-core-asl-1.5.2.jar:/Users/zabo/.m2/repository/org/codehaus/jackson/jackson-mapper-asl/1.5.2/jackson-mapper-asl-1.5.2.jar:/Users/zabo/.m2/repository/commons-el/commons-el/1.0/commons-el-1.0.jar:/Users/zabo/.m2/repository/net/java/dev/jets3t/jets3t/0.6.1/jets3t-0.6.1.jar:/Users/zabo/.m2/repository/oro/oro/2.0.8/oro-2.0.8.jar:/Users/zabo/.m2/repository/org/eclipse/jdt/core/3.1.1/core-3.1.1.jar:/Users/zabo/.m2/repository/commons-lang/commons-lang/2.5/commons-lang-2.5.jar:/Users/zabo/.m2/repository/org/gnu/inet/libidn/1.15/libidn-1.15.jar:/Users/zabo/.m2/repository/it/unimi/dsi/dsiutils/2.0.12/dsiutils-2.0.12.jar:/Users/zabo/.m2/repository/it/unimi/dsi/fastutil/6.5.2/fastutil-6.5.2.jar:/Users/zabo/.m2/repository/com/martiansoftware/jsap/2.1/jsap-2.1.jar:/Users/zabo/.m2/repository/log4j/log4j/1.2.17/log4j-1.2.17.jar:/Users/zabo/.m2/repository/org/apache/commons/commons-math3/3.1.1/commons-math3-3.1.1.jar:/Users/zabo/.m2/repository/joda-time/joda-time/1.6/joda-time-1.6.jar:/Users/zabo/.m2/repository/com/sun/mail/javax.mail/1.6.2/javax.mail-1.6.2.jar:/Users/zabo/.m2/repository/javax/activation/activation/1.1/activation-1.1.jar:/Users/zabo/.m2/repository/com/google/guava/guava/28.0-jre/guava-28.0-jre.jar:/Users/zabo/.m2/repository/com/google/guava/failureaccess/1.0.1/failureaccess-1.0.1.jar:/Users/zabo/.m2/repository/com/google/guava/listenablefuture/9999.0-empty-to-avoid-conflict-with-guava/listenablefuture-9999.0-empty-to-avoid-conflict-with-guava.jar:/Users/zabo/.m2/repository/com/google/code/findbugs/jsr305/3.0.2/jsr305-3.0.2.jar:/Users/zabo/.m2/repository/org/checkerframework/checker-qual/2.8.1/checker-qual-2.8.1.jar:/Users/zabo/.m2/repository/com/google/errorprone/error_prone_annotations/2.3.2/error_prone_annotations-2.3.2.jar:/Users/zabo/.m2/repository/com/google/j2objc/j2objc-annotations/1.3/j2objc-annotations-1.3.jar:/Users/zabo/.m2/repository/org/codehaus/mojo/animal-sniffer-annotations/1.17/animal-sniffer-annotations-1.17.jar:/Users/zabo/.m2/repository/com/google/code/gson/gson/2.6.2/gson-2.6.2.jar:/Users/zabo/.m2/repository/org/jsoup/jsoup/1.11.3/jsoup-1.11.3.jar:/Users/zabo/.m2/repository/org/apache/commons/commons-text/1.4/commons-text-1.4.jar:/Users/zabo/.m2/repository/org/apache/commons/commons-lang3/3.7/commons-lang3-3.7.jar:/Users/zabo/.m2/repository/org/glassfish/javax.json/1.1.2/javax.json-1.1.2.jar:/Users/zabo/.m2/repository/javax/json/javax.json-api/1.1.2/javax.json-api-1.1.2.jar:/Users/zabo/.m2/repository/com/ibm/icu/icu4j-charset/62.1/icu4j-charset-62.1.jar:/Users/zabo/.m2/repository/com/ibm/icu/icu4j/62.1/icu4j-62.1.jar:/Users/zabo/.m2/repository/org/apache/httpcomponents/httpclient/4.5.6/httpclient-4.5.6.jar:/Users/zabo/.m2/repository/commons-logging/commons-logging/1.2/commons-logging-1.2.jar:/Users/zabo/.m2/repository/commons-codec/commons-codec/1.10/commons-codec-1.10.jar:/Users/zabo/.m2/repository/org/apache/httpcomponents/httpcore/4.4.10/httpcore-4.4.10.jar:/Users/zabo/.m2/repository/it/uniroma1/lcl/babelnet/babelnet-api/4.0.1/babelnet-api-4.0.1.jar:/Users/zabo/.m2/repository/it/uniroma1/lcl/babelnet/babelscape-data-commons/1.0/babelscape-data-commons-1.0.jar:/Users/zabo/.m2/repository/commons-beanutils/commons-beanutils/1.7.0/commons-beanutils-1.7.0.jar:/Users/zabo/.m2/repository/commons-beanutils/commons-beanutils-core/1.7.0/commons-beanutils-core-1.7.0.jar:/Users/zabo/.m2/repository/edu/mit/jwi/2.2.3/jwi-2.2.3.jar:/Users/zabo/.m2/repository/it/uniroma1/lcl/jlt/lcl-jlt/2.4/lcl-jlt-2.4.jar:/Users/zabo/.m2/repository/commons-collections/commons-collections/3.2/commons-collections-3.2.jar:/Users/zabo/.m2/repository/ch/qos/logback/logback-core/1.2.3/logback-core-1.2.3.jar:/Users/zabo/.m2/repository/commons-configuration/commons-configuration/1.5/commons-configuration-1.5.jar:/Users/zabo/.m2/repository/commons-digester/commons-digester/1.8/commons-digester-1.8.jar:/Users/zabo/.m2/repository/org/apache/lucene/lucene-analyzers-common/7.2.0/lucene-analyzers-common-7.2.0.jar:/Users/zabo/.m2/repository/org/apache/lucene/lucene-core/7.2.0/lucene-core-7.2.0.jar:/Users/zabo/.m2/repository/org/apache/lucene/lucene-queries/7.2.0/lucene-queries-7.2.0.jar:/Users/zabo/.m2/repository/org/apache/lucene/lucene-queryparser/7.2.0/lucene-queryparser-7.2.0.jar:/Users/zabo/.m2/repository/org/apache/lucene/lucene-sandbox/7.2.0/lucene-sandbox-7.2.0.jar:/Users/zabo/.m2/repository/it/uniroma1/lcl/babelfy/babelfy-online/1.0/babelfy-online-1.0.jar:/Users/zabo/.m2/repository/it/uniroma1/lcl/babelfy/babelfy-commons/1.0/babelfy-commons-1.0.jar:/Users/zabo/.m2/repository/it/uniroma1/lcl/jlt/jltutils/2.0.4/jltutils-2.0.4.jar:/Users/zabo/.m2/repository/uk/ac/gate/jaspell/0.3.1/jaspell-0.3.1.jar:/Users/zabo/.m2/repository/org/languagetool/language-all/4.3/language-all-4.3.jar:/Users/zabo/.m2/repository/org/languagetool/language-en/4.3/language-en-4.3.jar:/Users/zabo/.m2/repository/org/languagetool/languagetool-core/4.3/languagetool-core-4.3.jar:/Users/zabo/.m2/repository/net/java/dev/jna/jna/4.4.0/jna-4.4.0.jar:/Users/zabo/.m2/repository/org/carrot2/morfologik-fsa/2.1.5/morfologik-fsa-2.1.5.jar:/Users/zabo/.m2/repository/org/carrot2/morfologik-fsa-builders/2.1.5/morfologik-fsa-builders-2.1.5.jar:/Users/zabo/.m2/repository/org/carrot2/morfologik-speller/2.1.5/morfologik-speller-2.1.5.jar:/Users/zabo/.m2/repository/org/carrot2/morfologik-stemming/2.1.5/morfologik-stemming-2.1.5.jar:/Users/zabo/.m2/repository/com/carrotsearch/hppc/0.7.2/hppc-0.7.2.jar:/Users/zabo/.m2/repository/net/loomchild/segment/2.0.0/segment-2.0.0.jar:/Users/zabo/.m2/repository/edu/berkeley/nlp/berkeleylm/1.1.2/berkeleylm-1.1.2.jar:/Users/zabo/.m2/repository/com/fasterxml/jackson/core/jackson-databind/2.9.4/jackson-databind-2.9.4.jar:/Users/zabo/.m2/repository/com/fasterxml/jackson/core/jackson-annotations/2.9.0/jackson-annotations-2.9.0.jar:/Users/zabo/.m2/repository/com/fasterxml/jackson/core/jackson-core/2.9.4/jackson-core-2.9.4.jar:/Users/zabo/.m2/repository/javax/measure/unit-api/1.0/unit-api-1.0.jar:/Users/zabo/.m2/repository/tech/units/indriya/1.2/indriya-1.2.jar:/Users/zabo/.m2/repository/tech/uom/lib/uom-lib-common/1.1/uom-lib-common-1.1.jar:/Users/zabo/.m2/repository/org/glassfish/jaxb/jaxb-runtime/2.3.0/jaxb-runtime-2.3.0.jar:/Users/zabo/.m2/repository/org/glassfish/jaxb/jaxb-core/2.3.0/jaxb-core-2.3.0.jar:/Users/zabo/.m2/repository/org/glassfish/jaxb/txw2/2.3.0/txw2-2.3.0.jar:/Users/zabo/.m2/repository/com/sun/istack/istack-commons-runtime/3.0.5/istack-commons-runtime-3.0.5.jar:/Users/zabo/.m2/repository/org/jvnet/staxex/stax-ex/1.7.8/stax-ex-1.7.8.jar:/Users/zabo/.m2/repository/com/sun/xml/fastinfoset/FastInfoset/1.2.13/FastInfoset-1.2.13.jar:/Users/zabo/.m2/repository/biz/k11i/xgboost-predictor/0.3.0/xgboost-predictor-0.3.0.jar:/Users/zabo/.m2/repository/net/jafama/jafama/2.1.0/jafama-2.1.0.jar:/Users/zabo/.m2/repository/org/apache/opennlp/opennlp-tools/1.7.2/opennlp-tools-1.7.2.jar:/Users/zabo/.m2/repository/edu/washington/cs/knowitall/opennlp-tokenize-models/1.5/opennlp-tokenize-models-1.5.jar:/Users/zabo/.m2/repository/edu/washington/cs/knowitall/opennlp-postag-models/1.5/opennlp-postag-models-1.5.jar:/Users/zabo/.m2/repository/edu/washington/cs/knowitall/opennlp-chunk-models/1.5/opennlp-chunk-models-1.5.jar:/Users/zabo/.m2/repository/org/languagetool/language-fa/4.3/language-fa-4.3.jar:/Users/zabo/.m2/repository/org/languagetool/language-fr/4.3/language-fr-4.3.jar:/Users/zabo/.m2/repository/org/languagetool/hunspell-native-libs/2.9/hunspell-native-libs-2.9.jar:/Users/zabo/.m2/repository/org/languagetool/language-de/4.3/language-de-4.3.jar:/Users/zabo/.m2/repository/de/danielnaber/german-pos-dict/1.1/german-pos-dict-1.1.jar:/Users/zabo/.m2/repository/edu/washington/cs/knowitall/openregex/1.1.1/openregex-1.1.1.jar:/Users/zabo/.m2/repository/de/danielnaber/jwordsplitter/4.4/jwordsplitter-4.4.jar:/Users/zabo/.m2/repository/com/hankcs/aho-corasick-double-array-trie/1.2.0/aho-corasick-double-array-trie-1.2.0.jar:/Users/zabo/.m2/repository/org/languagetool/language-de-DE-x-simple-language/4.3/language-de-DE-x-simple-language-4.3.jar:/Users/zabo/.m2/repository/org/languagetool/language-pl/4.3/language-pl-4.3.jar:/Users/zabo/.m2/repository/org/languagetool/language-ca/4.3/language-ca-4.3.jar:/Users/zabo/.m2/repository/org/softcatala/catalan-pos-dict/2.1/catalan-pos-dict-2.1.jar:/Users/zabo/.m2/repository/org/languagetool/language-it/4.3/language-it-4.3.jar:/Users/zabo/.m2/repository/org/languagetool/language-br/4.3/language-br-4.3.jar:/Users/zabo/.m2/repository/org/languagetool/language-nl/4.3/language-nl-4.3.jar:/Users/zabo/.m2/repository/org/languagetool/language-pt/4.3/language-pt-4.3.jar:/Users/zabo/.m2/repository/org/languagetool/language-ru/4.3/language-ru-4.3.jar:/Users/zabo/.m2/repository/org/languagetool/language-ast/4.3/language-ast-4.3.jar:/Users/zabo/.m2/repository/org/languagetool/language-be/4.3/language-be-4.3.jar:/Users/zabo/.m2/repository/org/languagetool/language-zh/4.3/language-zh-4.3.jar:/Users/zabo/.m2/repository/com/googlecode/ictclas4j/ictclas4j/1.0.1/ictclas4j-1.0.1.jar:/Users/zabo/.m2/repository/com/google/code/cjftransform/1.0.1/cjftransform-1.0.1.jar:/Users/zabo/.m2/repository/org/languagetool/language-da/4.3/language-da-4.3.jar:/Users/zabo/.m2/repository/org/languagetool/language-eo/4.3/language-eo-4.3.jar:/Users/zabo/.m2/repository/org/languagetool/language-gl/4.3/language-gl-4.3.jar:/Users/zabo/.m2/repository/org/languagetool/language-el/4.3/language-el-4.3.jar:/Users/zabo/.m2/repository/org/ioperm/morphology-el/1.0.0/morphology-el-1.0.0.jar:/Users/zabo/.m2/repository/org/languagetool/language-ja/4.3/language-ja-4.3.jar:/Users/zabo/.m2/repository/com/github/lucene-gosen/lucene-gosen/6.2.1/lucene-gosen-6.2.1-ipadic.jar:/Users/zabo/.m2/repository/org/languagetool/language-km/4.3/language-km-4.3.jar:/Users/zabo/.m2/repository/org/languagetool/language-ro/4.3/language-ro-4.3.jar:/Users/zabo/.m2/repository/org/languagetool/language-sk/4.3/language-sk-4.3.jar:/Users/zabo/.m2/repository/org/languagetool/language-sl/4.3/language-sl-4.3.jar:/Users/zabo/.m2/repository/org/languagetool/language-sr/4.3/language-sr-4.3.jar:/Users/zabo/.m2/repository/org/languagetool/language-es/4.3/language-es-4.3.jar:/Users/zabo/.m2/repository/org/languagetool/language-sv/4.3/language-sv-4.3.jar:/Users/zabo/.m2/repository/org/languagetool/language-ta/4.3/language-ta-4.3.jar:/Users/zabo/.m2/repository/org/languagetool/language-tl/4.3/language-tl-4.3.jar:/Users/zabo/.m2/repository/org/languagetool/language-uk/4.3/language-uk-4.3.jar:/Users/zabo/.m2/repository/ua/net/nlp/morfologik-ukrainian-lt/4.2.5/morfologik-ukrainian-lt-4.2.5.jar:/Users/zabo/.m2/repository/org/apache/lucene/lucene-backward-codecs/7.2.0/lucene-backward-codecs-7.2.0.jar:/Users/zabo/.m2/repository/edu/stanford/nlp/stanford-corenlp/3.9.2/stanford-corenlp-3.9.2.jar:/Users/zabo/.m2/repository/com/apple/AppleJavaExtensions/1.4/AppleJavaExtensions-1.4.jar:/Users/zabo/.m2/repository/de/jollyday/jollyday/0.4.9/jollyday-0.4.9.jar:/Users/zabo/.m2/repository/javax/servlet/javax.servlet-api/3.0.1/javax.servlet-api-3.0.1.jar:/Users/zabo/.m2/repository/com/io7m/xom/xom/1.2.10/xom-1.2.10.jar:/Users/zabo/.m2/repository/xml-apis/xml-apis/1.3.03/xml-apis-1.3.03.jar:/Users/zabo/.m2/repository/xerces/xercesImpl/2.8.0/xercesImpl-2.8.0.jar:/Users/zabo/.m2/repository/xalan/xalan/2.7.0/xalan-2.7.0.jar:/Users/zabo/.m2/repository/com/googlecode/efficient-java-matrix-library/ejml/0.23/ejml-0.23.jar:/Users/zabo/.m2/repository/com/google/protobuf/protobuf-java/3.2.0/protobuf-java-3.2.0.jar:/Users/zabo/.m2/repository/javax/activation/javax.activation-api/1.2.0/javax.activation-api-1.2.0.jar:/Users/zabo/.m2/repository/javax/xml/bind/jaxb-api/2.4.0-b180830.0359/jaxb-api-2.4.0-b180830.0359.jar:/Users/zabo/.m2/repository/com/sun/xml/bind/jaxb-core/2.3.0.1/jaxb-core-2.3.0.1.jar:/Users/zabo/.m2/repository/com/sun/xml/bind/jaxb-impl/2.4.0-b180830.0438/jaxb-impl-2.4.0-b180830.0438.jar:/Users/zabo/.m2/repository/edu/stanford/nlp/stanford-corenlp/3.9.2/stanford-corenlp-3.9.2-models.jar:/Users/zabo/.m2/repository/edu/stanford/nlp/stanford-corenlp/3.6.0/stanford-corenlp-3.6.0-models-english.jar:/Users/zabo/.m2/repository/edu/stanford/nlp/stanford-corenlp/3.6.0/stanford-corenlp-3.6.0-models-chinese.jar:/Users/zabo/.m2/repository/org/slf4j/slf4j-api/1.7.25/slf4j-api-1.7.25.jar:/Users/zabo/.m2/repository/org/slf4j/slf4j-simple/1.7.25/slf4j-simple-1.7.25.jar:/Users/zabo/.m2/repository/com/vdurmont/emoji-java/4.0.0/emoji-java-4.0.0.jar:"/>
    <property name="java.vm.vendor" value="Oracle Corporation"/>
    <property name="sun.arch.data.model" value="64"/>
    <property name="java.vendor.url" value="http://java.oracle.com/"/>
    <property name="user.timezone" value=""/>
    <property name="java.vm.specification.version" value="11"/>
    <property name="os.name" value="Mac OS X"/>
    <property name="sun.java.launcher" value="SUN_STANDARD"/>
    <property name="user.country" value="ES"/>
    <property name="sun.boot.library.path" value="/Library/Java/JavaVirtualMachines/jdk-11.0.2.jdk/Contents/Home/lib"/>
    <property name="sun.java.command" value="/Users/zabo/Documents/Proyectos Visual Studio Code/SBFR/target/surefire/surefirebooter16536274007359382746.jar /Users/zabo/Documents/Proyectos Visual Studio Code/SBFR/target/surefire 2020-04-14T15-45-20_423-jvmRun1 surefire4070976170806262482tmp surefire_06836489803088787004tmp"/>
    <property name="jdk.debug" value="release"/>
    <property name="surefire.test.class.path" value="/Users/zabo/Documents/Proyectos Visual Studio Code/SBFR/target/test-classes:/Users/zabo/Documents/Proyectos Visual Studio Code/SBFR/target/classes:/Users/zabo/.m2/repository/junit/junit/4.11/junit-4.11.jar:/Users/zabo/.m2/repository/org/hamcrest/hamcrest-core/1.3/hamcrest-core-1.3.jar:/Users/zabo/.m2/repository/org/bdp4j/bdp4j/2.0.0-SNAPSHOT/bdp4j-2.0.0-SNAPSHOT.jar:/Users/zabo/.m2/repository/com/github/vlsi/mxgraph/jgraphx/3.9.8.1/jgraphx-3.9.8.1.jar:/Users/zabo/.m2/repository/org/apache/logging/log4j/log4j-core/2.11.1/log4j-core-2.11.1.jar:/Users/zabo/.m2/repository/org/apache/logging/log4j/log4j-api/2.11.1/log4j-api-2.11.1.jar:/Users/zabo/.m2/repository/org/apache/commons/commons-csv/1.6/commons-csv-1.6.jar:/Users/zabo/.m2/repository/commons-io/commons-io/2.6/commons-io-2.6.jar:/Users/zabo/.m2/repository/net/sourceforge/javaml/0.1.6-spnt/javaml-0.1.6-spnt.jar:/Users/zabo/.m2/repository/nz/ac/waikato/cms/weka/weka-stable/3.8.3/weka-stable-3.8.3.jar:/Users/zabo/.m2/repository/nz/ac/waikato/cms/weka/thirdparty/java-cup-11b/2015.03.26/java-cup-11b-2015.03.26.jar:/Users/zabo/.m2/repository/nz/ac/waikato/cms/weka/thirdparty/java-cup-11b-runtime/2015.03.26/java-cup-11b-runtime-2015.03.26.jar:/Users/zabo/.m2/repository/nz/ac/waikato/cms/weka/thirdparty/bounce/0.18/bounce-0.18.jar:/Users/zabo/.m2/repository/com/googlecode/matrix-toolkits-java/mtj/1.0.4/mtj-1.0.4.jar:/Users/zabo/.m2/repository/com/github/fommil/netlib/netlib-native_ref-osx-x86_64/1.1/netlib-native_ref-osx-x86_64-1.1-natives.jar:/Users/zabo/.m2/repository/com/github/fommil/netlib/native_ref-java/1.1/native_ref-java-1.1.jar:/Users/zabo/.m2/repository/com/github/fommil/jniloader/1.1/jniloader-1.1.jar:/Users/zabo/.m2/repository/com/github/fommil/netlib/netlib-native_ref-linux-x86_64/1.1/netlib-native_ref-linux-x86_64-1.1-natives.jar:/Users/zabo/.m2/repository/com/github/fommil/netlib/netlib-native_ref-linux-i686/1.1/netlib-native_ref-linux-i686-1.1-natives.jar:/Users/zabo/.m2/repository/com/github/fommil/netlib/netlib-native_ref-win-x86_64/1.1/netlib-native_ref-win-x86_64-1.1-natives.jar:/Users/zabo/.m2/repository/com/github/fommil/netlib/netlib-native_ref-win-i686/1.1/netlib-native_ref-win-i686-1.1-natives.jar:/Users/zabo/.m2/repository/com/github/fommil/netlib/netlib-native_ref-linux-armhf/1.1/netlib-native_ref-linux-armhf-1.1-natives.jar:/Users/zabo/.m2/repository/com/github/fommil/netlib/netlib-native_system-osx-x86_64/1.1/netlib-native_system-osx-x86_64-1.1-natives.jar:/Users/zabo/.m2/repository/com/github/fommil/netlib/native_system-java/1.1/native_system-java-1.1.jar:/Users/zabo/.m2/repository/com/github/fommil/netlib/netlib-native_system-linux-x86_64/1.1/netlib-native_system-linux-x86_64-1.1-natives.jar:/Users/zabo/.m2/repository/com/github/fommil/netlib/netlib-native_system-linux-i686/1.1/netlib-native_system-linux-i686-1.1-natives.jar:/Users/zabo/.m2/repository/com/github/fommil/netlib/netlib-native_system-linux-armhf/1.1/netlib-native_system-linux-armhf-1.1-natives.jar:/Users/zabo/.m2/repository/com/github/fommil/netlib/netlib-native_system-win-x86_64/1.1/netlib-native_system-win-x86_64-1.1-natives.jar:/Users/zabo/.m2/repository/com/github/fommil/netlib/netlib-native_system-win-i686/1.1/netlib-native_system-win-i686-1.1-natives.jar:/Users/zabo/.m2/repository/net/sourceforge/f2j/arpack_combined_all/0.1/arpack_combined_all-0.1.jar:/Users/zabo/.m2/repository/com/googlecode/netlib-java/netlib-java/1.1/netlib-java-1.1.jar:/Users/zabo/.m2/repository/com/github/fommil/netlib/core/1.1/core-1.1.jar:/Users/zabo/.m2/repository/org/ini4j/ini4j/0.5.4/ini4j-0.5.4.jar:/Users/zabo/.m2/repository/janino/janino/2.5.10/janino-2.5.10.jar:/Users/zabo/.m2/repository/org/nlpa/nlpa/1.0.0/nlpa-1.0.0.jar:/Users/zabo/.m2/repository/com/optimaize/languagedetector/language-detector/0.6/language-detector-0.6.jar:/Users/zabo/.m2/repository/net/arnx/jsonic/1.2.11/jsonic-1.2.11.jar:/Users/zabo/.m2/repository/com/intellij/annotations/12.0/annotations-12.0.jar:/Users/zabo/.m2/repository/org/twitter4j/twitter4j-core/4.0.4/twitter4j-core-4.0.4.jar:/Users/zabo/.m2/repository/org/netpreserve/commons/webarchive-commons/1.1.8/webarchive-commons-1.1.8.jar:/Users/zabo/.m2/repository/org/json/json/20131018/json-20131018.jar:/Users/zabo/.m2/repository/org/htmlparser/htmlparser/1.6/htmlparser-1.6.jar:/Users/zabo/.m2/repository/com/googlecode/juniversalchardet/juniversalchardet/1.0.3/juniversalchardet-1.0.3.jar:/Users/zabo/.m2/repository/commons-httpclient/commons-httpclient/3.1/commons-httpclient-3.1.jar:/Users/zabo/.m2/repository/org/apache/hadoop/hadoop-core/0.20.2-cdh3u4/hadoop-core-0.20.2-cdh3u4.jar:/Users/zabo/.m2/repository/commons-cli/commons-cli/1.2/commons-cli-1.2.jar:/Users/zabo/.m2/repository/xmlenc/xmlenc/0.52/xmlenc-0.52.jar:/Users/zabo/.m2/repository/org/apache/hadoop/thirdparty/guava/guava/r09-jarjar/guava-r09-jarjar.jar:/Users/zabo/.m2/repository/commons-net/commons-net/1.4.1/commons-net-1.4.1.jar:/Users/zabo/.m2/repository/org/codehaus/jackson/jackson-core-asl/1.5.2/jackson-core-asl-1.5.2.jar:/Users/zabo/.m2/repository/org/codehaus/jackson/jackson-mapper-asl/1.5.2/jackson-mapper-asl-1.5.2.jar:/Users/zabo/.m2/repository/commons-el/commons-el/1.0/commons-el-1.0.jar:/Users/zabo/.m2/repository/net/java/dev/jets3t/jets3t/0.6.1/jets3t-0.6.1.jar:/Users/zabo/.m2/repository/oro/oro/2.0.8/oro-2.0.8.jar:/Users/zabo/.m2/repository/org/eclipse/jdt/core/3.1.1/core-3.1.1.jar:/Users/zabo/.m2/repository/commons-lang/commons-lang/2.5/commons-lang-2.5.jar:/Users/zabo/.m2/repository/org/gnu/inet/libidn/1.15/libidn-1.15.jar:/Users/zabo/.m2/repository/it/unimi/dsi/dsiutils/2.0.12/dsiutils-2.0.12.jar:/Users/zabo/.m2/repository/it/unimi/dsi/fastutil/6.5.2/fastutil-6.5.2.jar:/Users/zabo/.m2/repository/com/martiansoftware/jsap/2.1/jsap-2.1.jar:/Users/zabo/.m2/repository/log4j/log4j/1.2.17/log4j-1.2.17.jar:/Users/zabo/.m2/repository/org/apache/commons/commons-math3/3.1.1/commons-math3-3.1.1.jar:/Users/zabo/.m2/repository/joda-time/joda-time/1.6/joda-time-1.6.jar:/Users/zabo/.m2/repository/com/sun/mail/javax.mail/1.6.2/javax.mail-1.6.2.jar:/Users/zabo/.m2/repository/javax/activation/activation/1.1/activation-1.1.jar:/Users/zabo/.m2/repository/com/google/guava/guava/28.0-jre/guava-28.0-jre.jar:/Users/zabo/.m2/repository/com/google/guava/failureaccess/1.0.1/failureaccess-1.0.1.jar:/Users/zabo/.m2/repository/com/google/guava/listenablefuture/9999.0-empty-to-avoid-conflict-with-guava/listenablefuture-9999.0-empty-to-avoid-conflict-with-guava.jar:/Users/zabo/.m2/repository/com/google/code/findbugs/jsr305/3.0.2/jsr305-3.0.2.jar:/Users/zabo/.m2/repository/org/checkerframework/checker-qual/2.8.1/checker-qual-2.8.1.jar:/Users/zabo/.m2/repository/com/google/errorprone/error_prone_annotations/2.3.2/error_prone_annotations-2.3.2.jar:/Users/zabo/.m2/repository/com/google/j2objc/j2objc-annotations/1.3/j2objc-annotations-1.3.jar:/Users/zabo/.m2/repository/org/codehaus/mojo/animal-sniffer-annotations/1.17/animal-sniffer-annotations-1.17.jar:/Users/zabo/.m2/repository/com/google/code/gson/gson/2.6.2/gson-2.6.2.jar:/Users/zabo/.m2/repository/org/jsoup/jsoup/1.11.3/jsoup-1.11.3.jar:/Users/zabo/.m2/repository/org/apache/commons/commons-text/1.4/commons-text-1.4.jar:/Users/zabo/.m2/repository/org/apache/commons/commons-lang3/3.7/commons-lang3-3.7.jar:/Users/zabo/.m2/repository/org/glassfish/javax.json/1.1.2/javax.json-1.1.2.jar:/Users/zabo/.m2/repository/javax/json/javax.json-api/1.1.2/javax.json-api-1.1.2.jar:/Users/zabo/.m2/repository/com/ibm/icu/icu4j-charset/62.1/icu4j-charset-62.1.jar:/Users/zabo/.m2/repository/com/ibm/icu/icu4j/62.1/icu4j-62.1.jar:/Users/zabo/.m2/repository/org/apache/httpcomponents/httpclient/4.5.6/httpclient-4.5.6.jar:/Users/zabo/.m2/repository/commons-logging/commons-logging/1.2/commons-logging-1.2.jar:/Users/zabo/.m2/repository/commons-codec/commons-codec/1.10/commons-codec-1.10.jar:/Users/zabo/.m2/repository/org/apache/httpcomponents/httpcore/4.4.10/httpcore-4.4.10.jar:/Users/zabo/.m2/repository/it/uniroma1/lcl/babelnet/babelnet-api/4.0.1/babelnet-api-4.0.1.jar:/Users/zabo/.m2/repository/it/uniroma1/lcl/babelnet/babelscape-data-commons/1.0/babelscape-data-commons-1.0.jar:/Users/zabo/.m2/repository/commons-beanutils/commons-beanutils/1.7.0/commons-beanutils-1.7.0.jar:/Users/zabo/.m2/repository/commons-beanutils/commons-beanutils-core/1.7.0/commons-beanutils-core-1.7.0.jar:/Users/zabo/.m2/repository/edu/mit/jwi/2.2.3/jwi-2.2.3.jar:/Users/zabo/.m2/repository/it/uniroma1/lcl/jlt/lcl-jlt/2.4/lcl-jlt-2.4.jar:/Users/zabo/.m2/repository/commons-collections/commons-collections/3.2/commons-collections-3.2.jar:/Users/zabo/.m2/repository/ch/qos/logback/logback-core/1.2.3/logback-core-1.2.3.jar:/Users/zabo/.m2/repository/commons-configuration/commons-configuration/1.5/commons-configuration-1.5.jar:/Users/zabo/.m2/repository/commons-digester/commons-digester/1.8/commons-digester-1.8.jar:/Users/zabo/.m2/repository/org/apache/lucene/lucene-analyzers-common/7.2.0/lucene-analyzers-common-7.2.0.jar:/Users/zabo/.m2/repository/org/apache/lucene/lucene-core/7.2.0/lucene-core-7.2.0.jar:/Users/zabo/.m2/repository/org/apache/lucene/lucene-queries/7.2.0/lucene-queries-7.2.0.jar:/Users/zabo/.m2/repository/org/apache/lucene/lucene-queryparser/7.2.0/lucene-queryparser-7.2.0.jar:/Users/zabo/.m2/repository/org/apache/lucene/lucene-sandbox/7.2.0/lucene-sandbox-7.2.0.jar:/Users/zabo/.m2/repository/it/uniroma1/lcl/babelfy/babelfy-online/1.0/babelfy-online-1.0.jar:/Users/zabo/.m2/repository/it/uniroma1/lcl/babelfy/babelfy-commons/1.0/babelfy-commons-1.0.jar:/Users/zabo/.m2/repository/it/uniroma1/lcl/jlt/jltutils/2.0.4/jltutils-2.0.4.jar:/Users/zabo/.m2/repository/uk/ac/gate/jaspell/0.3.1/jaspell-0.3.1.jar:/Users/zabo/.m2/repository/org/languagetool/language-all/4.3/language-all-4.3.jar:/Users/zabo/.m2/repository/org/languagetool/language-en/4.3/language-en-4.3.jar:/Users/zabo/.m2/repository/org/languagetool/languagetool-core/4.3/languagetool-core-4.3.jar:/Users/zabo/.m2/repository/net/java/dev/jna/jna/4.4.0/jna-4.4.0.jar:/Users/zabo/.m2/repository/org/carrot2/morfologik-fsa/2.1.5/morfologik-fsa-2.1.5.jar:/Users/zabo/.m2/repository/org/carrot2/morfologik-fsa-builders/2.1.5/morfologik-fsa-builders-2.1.5.jar:/Users/zabo/.m2/repository/org/carrot2/morfologik-speller/2.1.5/morfologik-speller-2.1.5.jar:/Users/zabo/.m2/repository/org/carrot2/morfologik-stemming/2.1.5/morfologik-stemming-2.1.5.jar:/Users/zabo/.m2/repository/com/carrotsearch/hppc/0.7.2/hppc-0.7.2.jar:/Users/zabo/.m2/repository/net/loomchild/segment/2.0.0/segment-2.0.0.jar:/Users/zabo/.m2/repository/edu/berkeley/nlp/berkeleylm/1.1.2/berkeleylm-1.1.2.jar:/Users/zabo/.m2/repository/com/fasterxml/jackson/core/jackson-databind/2.9.4/jackson-databind-2.9.4.jar:/Users/zabo/.m2/repository/com/fasterxml/jackson/core/jackson-annotations/2.9.0/jackson-annotations-2.9.0.jar:/Users/zabo/.m2/repository/com/fasterxml/jackson/core/jackson-core/2.9.4/jackson-core-2.9.4.jar:/Users/zabo/.m2/repository/javax/measure/unit-api/1.0/unit-api-1.0.jar:/Users/zabo/.m2/repository/tech/units/indriya/1.2/indriya-1.2.jar:/Users/zabo/.m2/repository/tech/uom/lib/uom-lib-common/1.1/uom-lib-common-1.1.jar:/Users/zabo/.m2/repository/org/glassfish/jaxb/jaxb-runtime/2.3.0/jaxb-runtime-2.3.0.jar:/Users/zabo/.m2/repository/org/glassfish/jaxb/jaxb-core/2.3.0/jaxb-core-2.3.0.jar:/Users/zabo/.m2/repository/org/glassfish/jaxb/txw2/2.3.0/txw2-2.3.0.jar:/Users/zabo/.m2/repository/com/sun/istack/istack-commons-runtime/3.0.5/istack-commons-runtime-3.0.5.jar:/Users/zabo/.m2/repository/org/jvnet/staxex/stax-ex/1.7.8/stax-ex-1.7.8.jar:/Users/zabo/.m2/repository/com/sun/xml/fastinfoset/FastInfoset/1.2.13/FastInfoset-1.2.13.jar:/Users/zabo/.m2/repository/biz/k11i/xgboost-predictor/0.3.0/xgboost-predictor-0.3.0.jar:/Users/zabo/.m2/repository/net/jafama/jafama/2.1.0/jafama-2.1.0.jar:/Users/zabo/.m2/repository/org/apache/opennlp/opennlp-tools/1.7.2/opennlp-tools-1.7.2.jar:/Users/zabo/.m2/repository/edu/washington/cs/knowitall/opennlp-tokenize-models/1.5/opennlp-tokenize-models-1.5.jar:/Users/zabo/.m2/repository/edu/washington/cs/knowitall/opennlp-postag-models/1.5/opennlp-postag-models-1.5.jar:/Users/zabo/.m2/repository/edu/washington/cs/knowitall/opennlp-chunk-models/1.5/opennlp-chunk-models-1.5.jar:/Users/zabo/.m2/repository/org/languagetool/language-fa/4.3/language-fa-4.3.jar:/Users/zabo/.m2/repository/org/languagetool/language-fr/4.3/language-fr-4.3.jar:/Users/zabo/.m2/repository/org/languagetool/hunspell-native-libs/2.9/hunspell-native-libs-2.9.jar:/Users/zabo/.m2/repository/org/languagetool/language-de/4.3/language-de-4.3.jar:/Users/zabo/.m2/repository/de/danielnaber/german-pos-dict/1.1/german-pos-dict-1.1.jar:/Users/zabo/.m2/repository/edu/washington/cs/knowitall/openregex/1.1.1/openregex-1.1.1.jar:/Users/zabo/.m2/repository/de/danielnaber/jwordsplitter/4.4/jwordsplitter-4.4.jar:/Users/zabo/.m2/repository/com/hankcs/aho-corasick-double-array-trie/1.2.0/aho-corasick-double-array-trie-1.2.0.jar:/Users/zabo/.m2/repository/org/languagetool/language-de-DE-x-simple-language/4.3/language-de-DE-x-simple-language-4.3.jar:/Users/zabo/.m2/repository/org/languagetool/language-pl/4.3/language-pl-4.3.jar:/Users/zabo/.m2/repository/org/languagetool/language-ca/4.3/language-ca-4.3.jar:/Users/zabo/.m2/repository/org/softcatala/catalan-pos-dict/2.1/catalan-pos-dict-2.1.jar:/Users/zabo/.m2/repository/org/languagetool/language-it/4.3/language-it-4.3.jar:/Users/zabo/.m2/repository/org/languagetool/language-br/4.3/language-br-4.3.jar:/Users/zabo/.m2/repository/org/languagetool/language-nl/4.3/language-nl-4.3.jar:/Users/zabo/.m2/repository/org/languagetool/language-pt/4.3/language-pt-4.3.jar:/Users/zabo/.m2/repository/org/languagetool/language-ru/4.3/language-ru-4.3.jar:/Users/zabo/.m2/repository/org/languagetool/language-ast/4.3/language-ast-4.3.jar:/Users/zabo/.m2/repository/org/languagetool/language-be/4.3/language-be-4.3.jar:/Users/zabo/.m2/repository/org/languagetool/language-zh/4.3/language-zh-4.3.jar:/Users/zabo/.m2/repository/com/googlecode/ictclas4j/ictclas4j/1.0.1/ictclas4j-1.0.1.jar:/Users/zabo/.m2/repository/com/google/code/cjftransform/1.0.1/cjftransform-1.0.1.jar:/Users/zabo/.m2/repository/org/languagetool/language-da/4.3/language-da-4.3.jar:/Users/zabo/.m2/repository/org/languagetool/language-eo/4.3/language-eo-4.3.jar:/Users/zabo/.m2/repository/org/languagetool/language-gl/4.3/language-gl-4.3.jar:/Users/zabo/.m2/repository/org/languagetool/language-el/4.3/language-el-4.3.jar:/Users/zabo/.m2/repository/org/ioperm/morphology-el/1.0.0/morphology-el-1.0.0.jar:/Users/zabo/.m2/repository/org/languagetool/language-ja/4.3/language-ja-4.3.jar:/Users/zabo/.m2/repository/com/github/lucene-gosen/lucene-gosen/6.2.1/lucene-gosen-6.2.1-ipadic.jar:/Users/zabo/.m2/repository/org/languagetool/language-km/4.3/language-km-4.3.jar:/Users/zabo/.m2/repository/org/languagetool/language-ro/4.3/language-ro-4.3.jar:/Users/zabo/.m2/repository/org/languagetool/language-sk/4.3/language-sk-4.3.jar:/Users/zabo/.m2/repository/org/languagetool/language-sl/4.3/language-sl-4.3.jar:/Users/zabo/.m2/repository/org/languagetool/language-sr/4.3/language-sr-4.3.jar:/Users/zabo/.m2/repository/org/languagetool/language-es/4.3/language-es-4.3.jar:/Users/zabo/.m2/repository/org/languagetool/language-sv/4.3/language-sv-4.3.jar:/Users/zabo/.m2/repository/org/languagetool/language-ta/4.3/language-ta-4.3.jar:/Users/zabo/.m2/repository/org/languagetool/language-tl/4.3/language-tl-4.3.jar:/Users/zabo/.m2/repository/org/languagetool/language-uk/4.3/language-uk-4.3.jar:/Users/zabo/.m2/repository/ua/net/nlp/morfologik-ukrainian-lt/4.2.5/morfologik-ukrainian-lt-4.2.5.jar:/Users/zabo/.m2/repository/org/apache/lucene/lucene-backward-codecs/7.2.0/lucene-backward-codecs-7.2.0.jar:/Users/zabo/.m2/repository/edu/stanford/nlp/stanford-corenlp/3.9.2/stanford-corenlp-3.9.2.jar:/Users/zabo/.m2/repository/com/apple/AppleJavaExtensions/1.4/AppleJavaExtensions-1.4.jar:/Users/zabo/.m2/repository/de/jollyday/jollyday/0.4.9/jollyday-0.4.9.jar:/Users/zabo/.m2/repository/javax/servlet/javax.servlet-api/3.0.1/javax.servlet-api-3.0.1.jar:/Users/zabo/.m2/repository/com/io7m/xom/xom/1.2.10/xom-1.2.10.jar:/Users/zabo/.m2/repository/xml-apis/xml-apis/1.3.03/xml-apis-1.3.03.jar:/Users/zabo/.m2/repository/xerces/xercesImpl/2.8.0/xercesImpl-2.8.0.jar:/Users/zabo/.m2/repository/xalan/xalan/2.7.0/xalan-2.7.0.jar:/Users/zabo/.m2/repository/com/googlecode/efficient-java-matrix-library/ejml/0.23/ejml-0.23.jar:/Users/zabo/.m2/repository/com/google/protobuf/protobuf-java/3.2.0/protobuf-java-3.2.0.jar:/Users/zabo/.m2/repository/javax/activation/javax.activation-api/1.2.0/javax.activation-api-1.2.0.jar:/Users/zabo/.m2/repository/javax/xml/bind/jaxb-api/2.4.0-b180830.0359/jaxb-api-2.4.0-b180830.0359.jar:/Users/zabo/.m2/repository/com/sun/xml/bind/jaxb-core/2.3.0.1/jaxb-core-2.3.0.1.jar:/Users/zabo/.m2/repository/com/sun/xml/bind/jaxb-impl/2.4.0-b180830.0438/jaxb-impl-2.4.0-b180830.0438.jar:/Users/zabo/.m2/repository/edu/stanford/nlp/stanford-corenlp/3.9.2/stanford-corenlp-3.9.2-models.jar:/Users/zabo/.m2/repository/edu/stanford/nlp/stanford-corenlp/3.6.0/stanford-corenlp-3.6.0-models-english.jar:/Users/zabo/.m2/repository/edu/stanford/nlp/stanford-corenlp/3.6.0/stanford-corenlp-3.6.0-models-chinese.jar:/Users/zabo/.m2/repository/org/slf4j/slf4j-api/1.7.25/slf4j-api-1.7.25.jar:/Users/zabo/.m2/repository/org/slf4j/slf4j-simple/1.7.25/slf4j-simple-1.7.25.jar:/Users/zabo/.m2/repository/com/vdurmont/emoji-java/4.0.0/emoji-java-4.0.0.jar:"/>
    <property name="sun.cpu.endian" value="little"/>
    <property name="user.home" value="/Users/zabo"/>
    <property name="user.language" value="es"/>
    <property name="java.specification.vendor" value="Oracle Corporation"/>
    <property name="java.version.date" value="2019-01-15"/>
    <property name="java.home" value="/Library/Java/JavaVirtualMachines/jdk-11.0.2.jdk/Contents/Home"/>
    <property name="file.separator" value="/"/>
    <property name="basedir" value="/Users/zabo/Documents/Proyectos Visual Studio Code/SBFR"/>
    <property name="java.vm.compressedOopsMode" value="Zero based"/>
    <property name="line.separator" value="&#10;"/>
    <property name="java.specification.name" value="Java Platform API Specification"/>
    <property name="java.vm.specification.vendor" value="Oracle Corporation"/>
    <property name="java.awt.graphicsenv" value="sun.awt.CGraphicsEnvironment"/>
    <property name="surefire.real.class.path" value="/Users/zabo/Documents/Proyectos Visual Studio Code/SBFR/target/surefire/surefirebooter16536274007359382746.jar"/>
    <property name="sun.management.compiler" value="HotSpot 64-Bit Tiered Compilers"/>
    <property name="java.runtime.version" value="11.0.2+9-LTS"/>
    <property name="user.name" value="zabo"/>
    <property name="path.separator" value=":"/>
    <property name="os.version" value="10.15.4"/>
    <property name="java.runtime.name" value="Java(TM) SE Runtime Environment"/>
    <property name="file.encoding" value="UTF-8"/>
    <property name="java.vm.name" value="Java HotSpot(TM) 64-Bit Server VM"/>
    <property name="java.vendor.version" value="18.9"/>
    <property name="localRepository" value="/Users/zabo/.m2/repository"/>
    <property name="java.vendor.url.bug" value="http://bugreport.java.com/bugreport/"/>
    <property name="java.io.tmpdir" value="/var/folders/my/c0h0ylj514j3rz7ktmjq6qfm0000gn/T/"/>
    <property name="java.version" value="11.0.2"/>
    <property name="user.dir" value="/Users/zabo/Documents/Proyectos Visual Studio Code/SBFR"/>
    <property name="os.arch" value="x86_64"/>
    <property name="java.vm.specification.name" value="Java Virtual Machine Specification"/>
    <property name="java.awt.printerjob" value="sun.lwawt.macosx.CPrinterJob"/>
    <property name="sun.os.patch.level" value="unknown"/>
    <property name="java.library.path" value="/Users/zabo/Library/Java/Extensions:/Library/Java/Extensions:/Network/Library/Java/Extensions:/System/Library/Java/Extensions:/usr/lib/java:."/>
    <property name="java.vendor" value="Oracle Corporation"/>
    <property name="java.vm.info" value="mixed mode"/>
    <property name="java.vm.version" value="11.0.2+9-LTS"/>
    <property name="sun.io.unicode.encoding" value="UnicodeBig"/>
    <property name="java.class.version" value="55.0"/>
  </properties>
  <testcase name="shouldAnswerWithTrue" classname="SBFR.AppTest" time="0.004"/>
  <testcase name="testGetChildNodes" classname="SBFR.AppTest" time="0.717"/>
  <testcase name="testFatherNodes" classname="SBFR.AppTest" time="0.575"/>
  <testcase name="testRelationshipDegree" classname="SBFR.AppTest" time="9.504"/>
</testsuite>